mode: set
github.com/gummy789j/bookings/internal/handlers/handlers.go:30.62,35.2 1 0
github.com/gummy789j/bookings/internal/handlers/handlers.go:38.51,43.2 1 1
github.com/gummy789j/bookings/internal/handlers/handlers.go:45.33,47.2 1 1
github.com/gummy789j/bookings/internal/handlers/handlers.go:50.70,56.2 3 1
github.com/gummy789j/bookings/internal/handlers/handlers.go:59.71,72.2 4 1
github.com/gummy789j/bookings/internal/handlers/handlers.go:75.78,78.2 1 1
github.com/gummy789j/bookings/internal/handlers/handlers.go:81.82,88.16 5 0
github.com/gummy789j/bookings/internal/handlers/handlers.go:92.2,93.16 2 0
github.com/gummy789j/bookings/internal/handlers/handlers.go:98.2,99.16 2 0
github.com/gummy789j/bookings/internal/handlers/handlers.go:104.2,104.28 1 0
github.com/gummy789j/bookings/internal/handlers/handlers.go:108.2,108.21 1 0
github.com/gummy789j/bookings/internal/handlers/handlers.go:114.2,128.55 5 0
github.com/gummy789j/bookings/internal/handlers/handlers.go:88.16,91.3 2 0
github.com/gummy789j/bookings/internal/handlers/handlers.go:93.16,96.3 2 0
github.com/gummy789j/bookings/internal/handlers/handlers.go:99.16,102.3 2 0
github.com/gummy789j/bookings/internal/handlers/handlers.go:104.28,106.3 1 0
github.com/gummy789j/bookings/internal/handlers/handlers.go:108.21,112.3 3 0
github.com/gummy789j/bookings/internal/handlers/handlers.go:140.82,143.16 2 1
github.com/gummy789j/bookings/internal/handlers/handlers.go:158.2,169.16 8 1
github.com/gummy789j/bookings/internal/handlers/handlers.go:184.2,197.14 4 1
github.com/gummy789j/bookings/internal/handlers/handlers.go:143.16,156.3 5 0
github.com/gummy789j/bookings/internal/handlers/handlers.go:169.16,182.3 5 1
github.com/gummy789j/bookings/internal/handlers/handlers.go:201.77,204.9 2 1
github.com/gummy789j/bookings/internal/handlers/handlers.go:212.2,213.16 2 1
github.com/gummy789j/bookings/internal/handlers/handlers.go:221.2,240.4 10 1
github.com/gummy789j/bookings/internal/handlers/handlers.go:204.9,210.3 3 1
github.com/gummy789j/bookings/internal/handlers/handlers.go:213.16,219.3 3 0
github.com/gummy789j/bookings/internal/handlers/handlers.go:245.81,255.16 2 1
github.com/gummy789j/bookings/internal/handlers/handlers.go:261.2,266.16 5 1
github.com/gummy789j/bookings/internal/handlers/handlers.go:271.2,272.16 2 1
github.com/gummy789j/bookings/internal/handlers/handlers.go:278.2,279.16 2 1
github.com/gummy789j/bookings/internal/handlers/handlers.go:285.2,303.19 6 1
github.com/gummy789j/bookings/internal/handlers/handlers.go:315.2,316.16 2 1
github.com/gummy789j/bookings/internal/handlers/handlers.go:322.2,331.16 3 1
github.com/gummy789j/bookings/internal/handlers/handlers.go:338.2,358.66 5 1
github.com/gummy789j/bookings/internal/handlers/handlers.go:255.16,259.3 3 1
github.com/gummy789j/bookings/internal/handlers/handlers.go:266.16,270.3 3 1
github.com/gummy789j/bookings/internal/handlers/handlers.go:272.16,276.3 3 1
github.com/gummy789j/bookings/internal/handlers/handlers.go:279.16,283.3 3 1
github.com/gummy789j/bookings/internal/handlers/handlers.go:303.19,313.3 5 1
github.com/gummy789j/bookings/internal/handlers/handlers.go:316.16,320.3 3 1
github.com/gummy789j/bookings/internal/handlers/handlers.go:331.16,335.3 3 1
github.com/gummy789j/bookings/internal/handlers/handlers.go:362.74,365.2 1 1
github.com/gummy789j/bookings/internal/handlers/handlers.go:368.72,371.2 1 1
github.com/gummy789j/bookings/internal/handlers/handlers.go:374.73,377.2 1 1
github.com/gummy789j/bookings/internal/handlers/handlers.go:380.84,384.9 2 0
github.com/gummy789j/bookings/internal/handlers/handlers.go:391.2,403.4 7 0
github.com/gummy789j/bookings/internal/handlers/handlers.go:384.9,389.3 4 0
github.com/gummy789j/bookings/internal/handlers/handlers.go:407.76,409.16 2 0
github.com/gummy789j/bookings/internal/handlers/handlers.go:414.2,415.9 2 0
github.com/gummy789j/bookings/internal/handlers/handlers.go:420.2,424.63 3 0
github.com/gummy789j/bookings/internal/handlers/handlers.go:409.16,412.3 2 0
github.com/gummy789j/bookings/internal/handlers/handlers.go:415.9,418.3 2 0
github.com/gummy789j/bookings/internal/handlers/handlers.go:428.74,438.16 7 0
github.com/gummy789j/bookings/internal/handlers/handlers.go:442.2,446.16 4 0
github.com/gummy789j/bookings/internal/handlers/handlers.go:450.2,451.16 2 0
github.com/gummy789j/bookings/internal/handlers/handlers.go:455.2,461.63 4 0
github.com/gummy789j/bookings/internal/handlers/handlers.go:438.16,441.3 2 0
github.com/gummy789j/bookings/internal/handlers/handlers.go:446.16,449.3 2 0
github.com/gummy789j/bookings/internal/handlers/handlers.go:451.16,454.3 2 0
github.com/gummy789j/bookings/internal/handlers/handlers.go:466.75,470.2 1 0
github.com/gummy789j/bookings/internal/handlers/handlers.go:473.79,480.16 3 0
github.com/gummy789j/bookings/internal/handlers/handlers.go:484.2,491.19 6 0
github.com/gummy789j/bookings/internal/handlers/handlers.go:498.2,499.16 2 0
github.com/gummy789j/bookings/internal/handlers/handlers.go:506.2,508.47 3 0
github.com/gummy789j/bookings/internal/handlers/handlers.go:480.16,482.3 1 0
github.com/gummy789j/bookings/internal/handlers/handlers.go:491.19,496.3 2 0
github.com/gummy789j/bookings/internal/handlers/handlers.go:499.16,504.3 4 0
github.com/gummy789j/bookings/internal/handlers/handlers.go:512.72,518.2 3 0
github.com/gummy789j/bookings/internal/handlers/handlers.go:521.80,523.2 1 0
github.com/gummy789j/bookings/internal/handlers/handlers.go:526.86,529.16 2 0
github.com/gummy789j/bookings/internal/handlers/handlers.go:534.2,540.4 3 0
github.com/gummy789j/bookings/internal/handlers/handlers.go:529.16,532.3 2 0
github.com/gummy789j/bookings/internal/handlers/handlers.go:545.86,548.16 2 0
github.com/gummy789j/bookings/internal/handlers/handlers.go:553.2,559.4 3 0
github.com/gummy789j/bookings/internal/handlers/handlers.go:548.16,551.3 2 0
github.com/gummy789j/bookings/internal/handlers/handlers.go:563.86,568.16 3 0
github.com/gummy789j/bookings/internal/handlers/handlers.go:579.2,592.16 9 0
github.com/gummy789j/bookings/internal/handlers/handlers.go:597.2,605.4 3 0
github.com/gummy789j/bookings/internal/handlers/handlers.go:568.16,571.3 2 0
github.com/gummy789j/bookings/internal/handlers/handlers.go:592.16,595.3 2 0
github.com/gummy789j/bookings/internal/handlers/handlers.go:609.90,612.16 2 0
github.com/gummy789j/bookings/internal/handlers/handlers.go:618.2,621.16 3 0
github.com/gummy789j/bookings/internal/handlers/handlers.go:626.2,627.16 2 0
github.com/gummy789j/bookings/internal/handlers/handlers.go:632.2,638.16 6 0
github.com/gummy789j/bookings/internal/handlers/handlers.go:643.2,654.16 5 0
github.com/gummy789j/bookings/internal/handlers/handlers.go:612.16,616.3 3 0
github.com/gummy789j/bookings/internal/handlers/handlers.go:621.16,624.3 2 0
github.com/gummy789j/bookings/internal/handlers/handlers.go:627.16,630.3 2 0
github.com/gummy789j/bookings/internal/handlers/handlers.go:638.16,641.3 2 0
github.com/gummy789j/bookings/internal/handlers/handlers.go:654.16,656.3 1 0
github.com/gummy789j/bookings/internal/handlers/handlers.go:656.8,658.3 1 0
github.com/gummy789j/bookings/internal/handlers/handlers.go:663.91,667.34 2 0
github.com/gummy789j/bookings/internal/handlers/handlers.go:673.2,706.16 23 0
github.com/gummy789j/bookings/internal/handlers/handlers.go:711.2,713.26 2 0
github.com/gummy789j/bookings/internal/handlers/handlers.go:747.2,751.4 1 0
github.com/gummy789j/bookings/internal/handlers/handlers.go:667.34,671.3 3 0
github.com/gummy789j/bookings/internal/handlers/handlers.go:706.16,709.3 2 0
github.com/gummy789j/bookings/internal/handlers/handlers.go:713.26,718.86 3 0
github.com/gummy789j/bookings/internal/handlers/handlers.go:723.3,724.17 2 0
github.com/gummy789j/bookings/internal/handlers/handlers.go:728.3,728.24 1 0
github.com/gummy789j/bookings/internal/handlers/handlers.go:739.3,744.81 3 0
github.com/gummy789j/bookings/internal/handlers/handlers.go:718.86,721.4 2 0
github.com/gummy789j/bookings/internal/handlers/handlers.go:724.17,727.4 2 0
github.com/gummy789j/bookings/internal/handlers/handlers.go:728.24,729.27 1 0
github.com/gummy789j/bookings/internal/handlers/handlers.go:729.27,731.79 1 0
github.com/gummy789j/bookings/internal/handlers/handlers.go:731.79,733.6 1 0
github.com/gummy789j/bookings/internal/handlers/handlers.go:734.10,737.5 1 0
github.com/gummy789j/bookings/internal/handlers/handlers.go:756.95,758.16 2 0
github.com/gummy789j/bookings/internal/handlers/handlers.go:762.2,766.16 4 0
github.com/gummy789j/bookings/internal/handlers/handlers.go:771.2,773.26 2 0
github.com/gummy789j/bookings/internal/handlers/handlers.go:794.2,794.34 1 0
github.com/gummy789j/bookings/internal/handlers/handlers.go:807.2,808.110 2 0
github.com/gummy789j/bookings/internal/handlers/handlers.go:758.16,761.3 2 0
github.com/gummy789j/bookings/internal/handlers/handlers.go:766.16,769.3 2 0
github.com/gummy789j/bookings/internal/handlers/handlers.go:773.26,777.31 2 0
github.com/gummy789j/bookings/internal/handlers/handlers.go:777.31,779.37 1 0
github.com/gummy789j/bookings/internal/handlers/handlers.go:779.37,781.65 1 0
github.com/gummy789j/bookings/internal/handlers/handlers.go:781.65,784.20 2 0
github.com/gummy789j/bookings/internal/handlers/handlers.go:784.20,787.7 2 0
github.com/gummy789j/bookings/internal/handlers/handlers.go:794.34,795.43 1 0
github.com/gummy789j/bookings/internal/handlers/handlers.go:795.43,800.18 5 0
github.com/gummy789j/bookings/internal/handlers/handlers.go:800.18,803.5 2 0
github.com/gummy789j/bookings/internal/handlers/handlers.go:812.89,824.16 7 0
github.com/gummy789j/bookings/internal/handlers/handlers.go:824.16,826.3 1 0
github.com/gummy789j/bookings/internal/handlers/handlers.go:826.8,828.3 1 0
github.com/gummy789j/bookings/internal/handlers/handlers.go:833.88,845.16 7 0
github.com/gummy789j/bookings/internal/handlers/handlers.go:845.16,847.3 1 0
github.com/gummy789j/bookings/internal/handlers/handlers.go:847.8,849.3 1 0
