mode: set
github.com/gummy789j/bookings/internal/handlers/handlers.go:27.62,32.2 1 0
github.com/gummy789j/bookings/internal/handlers/handlers.go:35.51,40.2 1 1
github.com/gummy789j/bookings/internal/handlers/handlers.go:42.33,44.2 1 1
github.com/gummy789j/bookings/internal/handlers/handlers.go:47.70,53.2 3 1
github.com/gummy789j/bookings/internal/handlers/handlers.go:56.71,69.2 4 1
github.com/gummy789j/bookings/internal/handlers/handlers.go:72.78,75.2 1 1
github.com/gummy789j/bookings/internal/handlers/handlers.go:78.82,85.16 5 0
github.com/gummy789j/bookings/internal/handlers/handlers.go:89.2,90.16 2 0
github.com/gummy789j/bookings/internal/handlers/handlers.go:95.2,96.16 2 0
github.com/gummy789j/bookings/internal/handlers/handlers.go:101.2,101.28 1 0
github.com/gummy789j/bookings/internal/handlers/handlers.go:105.2,105.21 1 0
github.com/gummy789j/bookings/internal/handlers/handlers.go:111.2,125.55 5 0
github.com/gummy789j/bookings/internal/handlers/handlers.go:85.16,88.3 2 0
github.com/gummy789j/bookings/internal/handlers/handlers.go:90.16,93.3 2 0
github.com/gummy789j/bookings/internal/handlers/handlers.go:96.16,99.3 2 0
github.com/gummy789j/bookings/internal/handlers/handlers.go:101.28,103.3 1 0
github.com/gummy789j/bookings/internal/handlers/handlers.go:105.21,109.3 3 0
github.com/gummy789j/bookings/internal/handlers/handlers.go:137.82,140.16 2 1
github.com/gummy789j/bookings/internal/handlers/handlers.go:155.2,166.16 8 1
github.com/gummy789j/bookings/internal/handlers/handlers.go:181.2,194.14 4 1
github.com/gummy789j/bookings/internal/handlers/handlers.go:140.16,153.3 5 0
github.com/gummy789j/bookings/internal/handlers/handlers.go:166.16,179.3 5 1
github.com/gummy789j/bookings/internal/handlers/handlers.go:198.77,201.9 2 1
github.com/gummy789j/bookings/internal/handlers/handlers.go:209.2,210.16 2 1
github.com/gummy789j/bookings/internal/handlers/handlers.go:218.2,237.4 10 1
github.com/gummy789j/bookings/internal/handlers/handlers.go:201.9,207.3 3 1
github.com/gummy789j/bookings/internal/handlers/handlers.go:210.16,216.3 3 0
github.com/gummy789j/bookings/internal/handlers/handlers.go:242.81,252.16 2 1
github.com/gummy789j/bookings/internal/handlers/handlers.go:258.2,263.16 5 1
github.com/gummy789j/bookings/internal/handlers/handlers.go:268.2,269.16 2 1
github.com/gummy789j/bookings/internal/handlers/handlers.go:275.2,276.16 2 1
github.com/gummy789j/bookings/internal/handlers/handlers.go:282.2,300.19 6 1
github.com/gummy789j/bookings/internal/handlers/handlers.go:312.2,313.16 2 1
github.com/gummy789j/bookings/internal/handlers/handlers.go:319.2,328.16 3 1
github.com/gummy789j/bookings/internal/handlers/handlers.go:334.2,336.66 2 1
github.com/gummy789j/bookings/internal/handlers/handlers.go:252.16,256.3 3 1
github.com/gummy789j/bookings/internal/handlers/handlers.go:263.16,267.3 3 1
github.com/gummy789j/bookings/internal/handlers/handlers.go:269.16,273.3 3 1
github.com/gummy789j/bookings/internal/handlers/handlers.go:276.16,280.3 3 1
github.com/gummy789j/bookings/internal/handlers/handlers.go:300.19,310.3 5 1
github.com/gummy789j/bookings/internal/handlers/handlers.go:313.16,317.3 3 1
github.com/gummy789j/bookings/internal/handlers/handlers.go:328.16,332.3 3 1
github.com/gummy789j/bookings/internal/handlers/handlers.go:340.74,343.2 1 1
github.com/gummy789j/bookings/internal/handlers/handlers.go:346.72,349.2 1 1
github.com/gummy789j/bookings/internal/handlers/handlers.go:352.73,355.2 1 1
github.com/gummy789j/bookings/internal/handlers/handlers.go:358.84,362.9 2 0
github.com/gummy789j/bookings/internal/handlers/handlers.go:369.2,381.4 7 0
github.com/gummy789j/bookings/internal/handlers/handlers.go:362.9,367.3 4 0
github.com/gummy789j/bookings/internal/handlers/handlers.go:385.76,387.16 2 0
github.com/gummy789j/bookings/internal/handlers/handlers.go:392.2,393.9 2 0
github.com/gummy789j/bookings/internal/handlers/handlers.go:398.2,402.63 3 0
github.com/gummy789j/bookings/internal/handlers/handlers.go:387.16,390.3 2 0
github.com/gummy789j/bookings/internal/handlers/handlers.go:393.9,396.3 2 0
github.com/gummy789j/bookings/internal/handlers/handlers.go:406.74,416.16 7 0
github.com/gummy789j/bookings/internal/handlers/handlers.go:420.2,424.16 4 0
github.com/gummy789j/bookings/internal/handlers/handlers.go:428.2,429.16 2 0
github.com/gummy789j/bookings/internal/handlers/handlers.go:433.2,439.63 4 0
github.com/gummy789j/bookings/internal/handlers/handlers.go:416.16,419.3 2 0
github.com/gummy789j/bookings/internal/handlers/handlers.go:424.16,427.3 2 0
github.com/gummy789j/bookings/internal/handlers/handlers.go:429.16,432.3 2 0
